[09/04/15 11:40:15] [INFO] Reading configuration file /usr/local/lib/python2.7/site-packages/psiturk/tunnel/ngrok-config
[09/04/15 11:40:15] [INFO] [client] Trusting root CAs: [assets/client/tls/ngrokroot.crt]
[09/04/15 11:40:15] [INFO] [view] [web] Serving web interface on 127.0.0.1:4040
[09/04/15 11:40:15] [INFO] Checking for update
[09/04/15 11:40:15] [DEBG] [ctl:5917fbd2] New connection to: 173.236.137.204:4443
[09/04/15 11:40:15] [DEBG] [ctl:5917fbd2] Writing message: {"Type":"Auth","Payload":{"Version":"2","MmVersion":"1.6","User":"","Password":"","OS":"darwin","Arch":"amd64","ClientId":""}}
[09/04/15 11:40:15] [DEBG] [ctl:5917fbd2] Waiting to read message
[09/04/15 11:40:15] [DEBG] [ctl:5917fbd2] Reading message with length: 120
[09/04/15 11:40:15] [DEBG] [ctl:5917fbd2] Read message {"Type":"AuthResp","Payload":{"Version":"2","MmVersion":"1.6","ClientId":"a7105bd69b688d8035034b09f745b6fc","Error":""}}
[09/04/15 11:40:15] [INFO] [client] Authenticated with server, client id: a7105bd69b688d8035034b09f745b6fc
[09/04/15 11:40:15] [DEBG] [ctl:5917fbd2] Writing message: {"Type":"ReqTunnel","Payload":{"ReqId":"226ab5927c224dac","Protocol":"http+https","Hostname":"","Subdomain":"zEsYM7xAsCoz4h7iCRuxjC","HttpAuth":"","RemotePort":0}}
[09/04/15 11:40:15] [DEBG] [ctl:5917fbd2] Waiting to read message
[09/04/15 11:40:15] [DEBG] [ctl:5917fbd2] Reading message with length: 32
[09/04/15 11:40:15] [DEBG] [ctl:5917fbd2] Read message {"Type":"ReqProxy","Payload":{}}
[09/04/15 11:40:15] [DEBG] [ctl:5917fbd2] Waiting to read message
[09/04/15 11:40:15] [DEBG] [pxy:3cee2ae4] New connection to: 173.236.137.204:4443
[09/04/15 11:40:15] [DEBG] [pxy:3cee2ae4] Writing message: {"Type":"RegProxy","Payload":{"ClientId":"a7105bd69b688d8035034b09f745b6fc"}}
[09/04/15 11:40:15] [DEBG] [ctl:5917fbd2] Reading message with length: 150
[09/04/15 11:40:15] [DEBG] [ctl:5917fbd2] Read message {"Type":"NewTunnel","Payload":{"ReqId":"226ab5927c224dac","Url":"http://zesym7xascoz4h7icruxjc.tunnel.psiturk.org:8000","Protocol":"http","Error":""}}
[09/04/15 11:40:15] [INFO] [client] Tunnel established at http://zesym7xascoz4h7icruxjc.tunnel.psiturk.org:8000
[09/04/15 11:40:15] [DEBG] [ctl:5917fbd2] Waiting to read message
[09/04/15 11:40:15] [DEBG] [ctl:5917fbd2] Reading message with length: 152
[09/04/15 11:40:15] [DEBG] [ctl:5917fbd2] Read message {"Type":"NewTunnel","Payload":{"ReqId":"226ab5927c224dac","Url":"https://zesym7xascoz4h7icruxjc.tunnel.psiturk.org:8000","Protocol":"https","Error":""}}
[09/04/15 11:40:15] [INFO] [client] Tunnel established at https://zesym7xascoz4h7icruxjc.tunnel.psiturk.org:8000
[09/04/15 11:40:15] [DEBG] [ctl:5917fbd2] Waiting to read message
[09/04/15 11:40:15] [DEBG] [pxy:3cee2ae4] Waiting to read message
[09/04/15 11:40:21] [EROR] Error while updating ngrok: crypto/rsa: verification error
[09/04/15 11:40:28] [DEBG] [pxy:3cee2ae4] Reading message with length: 130
[09/04/15 11:40:28] [DEBG] [pxy:3cee2ae4] Read message {"Type":"StartProxy","Payload":{"Url":"http://zesym7xascoz4h7icruxjc.tunnel.psiturk.org:8000","ClientAddr":"216.165.95.75:13966"}}
[09/04/15 11:40:28] [DEBG] [prv:3f8a06f5] New connection to: 127.0.0.1:22362
[09/04/15 11:40:28] [INFO] [prv:3f8a06f5] Joined with connection pxy:3cee2ae4
[09/04/15 11:40:28] [DEBG] [ctl:5917fbd2] Reading message with length: 32
[09/04/15 11:40:28] [DEBG] [ctl:5917fbd2] Read message {"Type":"ReqProxy","Payload":{}}
[09/04/15 11:40:28] [DEBG] [ctl:5917fbd2] Waiting to read message
[09/04/15 11:40:28] [DEBG] [pxy:162a64e3] New connection to: 173.236.137.204:4443
[09/04/15 11:40:28] [DEBG] [pxy:162a64e3] Writing message: {"Type":"RegProxy","Payload":{"ClientId":"a7105bd69b688d8035034b09f745b6fc"}}
[09/04/15 11:40:28] [DEBG] [prv:3f8a06f5] Copied 27988 bytes to pxy:3cee2ae4
[09/04/15 11:40:28] [DEBG] [prv:3f8a06f5] Closing
[09/04/15 11:40:28] [DEBG] [pxy:3cee2ae4] Closing
[09/04/15 11:40:28] [WARN] [pxy:3cee2ae4] Copied 416 bytes to prv:3f8a06f5 before failing with error read tcp 173.236.137.204:4443: use of closed network connection
[09/04/15 11:40:28] [DEBG] [pxy:162a64e3] Waiting to read message
[09/04/15 11:40:30] [DEBG] [pxy:162a64e3] Reading message with length: 132
[09/04/15 11:40:30] [DEBG] [ctl:5917fbd2] Reading message with length: 32
[09/04/15 11:40:30] [DEBG] [pxy:162a64e3] Read message {"Type":"StartProxy","Payload":{"Url":"http://zesym7xascoz4h7icruxjc.tunnel.psiturk.org:8000","ClientAddr":"208.113.153.219:36118"}}
[09/04/15 11:40:30] [DEBG] [ctl:5917fbd2] Read message {"Type":"ReqProxy","Payload":{}}
[09/04/15 11:40:30] [DEBG] [ctl:5917fbd2] Waiting to read message
[09/04/15 11:40:30] [DEBG] [prv:2409f18] New connection to: 127.0.0.1:22362
[09/04/15 11:40:30] [INFO] [prv:2409f18] Joined with connection pxy:162a64e3
[09/04/15 11:40:30] [DEBG] [pxy:1c379a71] New connection to: 173.236.137.204:4443
[09/04/15 11:40:30] [DEBG] [pxy:1c379a71] Writing message: {"Type":"RegProxy","Payload":{"ClientId":"a7105bd69b688d8035034b09f745b6fc"}}
[09/04/15 11:40:30] [DEBG] [prv:2409f18] Copied 169 bytes to pxy:162a64e3
[09/04/15 11:40:30] [DEBG] [prv:2409f18] Closing
[09/04/15 11:40:30] [DEBG] [pxy:162a64e3] Closing
[09/04/15 11:40:30] [WARN] [pxy:162a64e3] Copied 236 bytes to prv:2409f18 before failing with error read tcp 173.236.137.204:4443: use of closed network connection
[09/04/15 11:40:30] [DEBG] [pxy:1c379a71] Waiting to read message
[09/04/15 11:40:35] [DEBG] [ctl:5917fbd2] Writing message: {"Type":"Ping","Payload":{}}
[09/04/15 11:40:35] [DEBG] [ctl:5917fbd2] Reading message with length: 28
[09/04/15 11:40:35] [DEBG] [ctl:5917fbd2] Read message {"Type":"Pong","Payload":{}}
[09/04/15 11:40:35] [DEBG] [ctl:5917fbd2] Waiting to read message
[09/04/15 11:40:55] [DEBG] [ctl:5917fbd2] Writing message: {"Type":"Ping","Payload":{}}
[09/04/15 11:40:55] [DEBG] [ctl:5917fbd2] Reading message with length: 28
[09/04/15 11:40:55] [DEBG] [ctl:5917fbd2] Read message {"Type":"Pong","Payload":{}}
[09/04/15 11:40:55] [DEBG] [ctl:5917fbd2] Waiting to read message
[09/04/15 11:41:15] [DEBG] [ctl:5917fbd2] Writing message: {"Type":"Ping","Payload":{}}
[09/04/15 11:41:15] [DEBG] [ctl:5917fbd2] Reading message with length: 28
[09/04/15 11:41:15] [DEBG] [ctl:5917fbd2] Read message {"Type":"Pong","Payload":{}}
[09/04/15 11:41:15] [DEBG] [ctl:5917fbd2] Waiting to read message
[09/04/15 11:41:35] [DEBG] [ctl:5917fbd2] Writing message: {"Type":"Ping","Payload":{}}
[09/04/15 11:41:35] [DEBG] [ctl:5917fbd2] Reading message with length: 28
[09/04/15 11:41:35] [DEBG] [ctl:5917fbd2] Read message {"Type":"Pong","Payload":{}}
[09/04/15 11:41:35] [DEBG] [ctl:5917fbd2] Waiting to read message
[09/04/15 11:41:55] [DEBG] [ctl:5917fbd2] Writing message: {"Type":"Ping","Payload":{}}
[09/04/15 11:41:55] [DEBG] [ctl:5917fbd2] Reading message with length: 28
[09/04/15 11:41:55] [DEBG] [ctl:5917fbd2] Read message {"Type":"Pong","Payload":{}}
[09/04/15 11:41:55] [DEBG] [ctl:5917fbd2] Waiting to read message
[09/04/15 11:42:15] [DEBG] [ctl:5917fbd2] Writing message: {"Type":"Ping","Payload":{}}
[09/04/15 11:42:15] [DEBG] [ctl:5917fbd2] Reading message with length: 28
[09/04/15 11:42:15] [DEBG] [ctl:5917fbd2] Read message {"Type":"Pong","Payload":{}}
[09/04/15 11:42:15] [DEBG] [ctl:5917fbd2] Waiting to read message
[09/04/15 11:42:35] [DEBG] [ctl:5917fbd2] Writing message: {"Type":"Ping","Payload":{}}
[09/04/15 11:42:35] [DEBG] [ctl:5917fbd2] Reading message with length: 28
[09/04/15 11:42:35] [DEBG] [ctl:5917fbd2] Read message {"Type":"Pong","Payload":{}}
[09/04/15 11:42:35] [DEBG] [ctl:5917fbd2] Waiting to read message
[09/04/15 11:42:55] [DEBG] [ctl:5917fbd2] Writing message: {"Type":"Ping","Payload":{}}
[09/04/15 11:42:55] [DEBG] [ctl:5917fbd2] Reading message with length: 28
[09/04/15 11:42:55] [DEBG] [ctl:5917fbd2] Read message {"Type":"Pong","Payload":{}}
[09/04/15 11:42:55] [DEBG] [ctl:5917fbd2] Waiting to read message
[09/04/15 11:43:15] [DEBG] [ctl:5917fbd2] Writing message: {"Type":"Ping","Payload":{}}
[09/04/15 11:43:15] [DEBG] [ctl:5917fbd2] Reading message with length: 28
[09/04/15 11:43:15] [DEBG] [ctl:5917fbd2] Read message {"Type":"Pong","Payload":{}}
[09/04/15 11:43:15] [DEBG] [ctl:5917fbd2] Waiting to read message
[09/04/15 11:43:35] [DEBG] [ctl:5917fbd2] Writing message: {"Type":"Ping","Payload":{}}
[09/04/15 11:43:35] [DEBG] [ctl:5917fbd2] Reading message with length: 28
[09/04/15 11:43:35] [DEBG] [ctl:5917fbd2] Read message {"Type":"Pong","Payload":{}}
[09/04/15 11:43:35] [DEBG] [ctl:5917fbd2] Waiting to read message
[09/04/15 11:43:55] [DEBG] [ctl:5917fbd2] Writing message: {"Type":"Ping","Payload":{}}
[09/04/15 11:43:55] [DEBG] [ctl:5917fbd2] Reading message with length: 28
[09/04/15 11:43:55] [DEBG] [ctl:5917fbd2] Read message {"Type":"Pong","Payload":{}}
[09/04/15 11:43:55] [DEBG] [ctl:5917fbd2] Waiting to read message
[09/04/15 11:44:15] [DEBG] [ctl:5917fbd2] Writing message: {"Type":"Ping","Payload":{}}
[09/04/15 11:44:15] [DEBG] [ctl:5917fbd2] Reading message with length: 28
[09/04/15 11:44:15] [DEBG] [ctl:5917fbd2] Read message {"Type":"Pong","Payload":{}}
[09/04/15 11:44:15] [DEBG] [ctl:5917fbd2] Waiting to read message
[09/04/15 11:44:35] [DEBG] [ctl:5917fbd2] Writing message: {"Type":"Ping","Payload":{}}
[09/04/15 11:44:35] [DEBG] [ctl:5917fbd2] Reading message with length: 28
[09/04/15 11:44:35] [DEBG] [ctl:5917fbd2] Read message {"Type":"Pong","Payload":{}}
[09/04/15 11:44:35] [DEBG] [ctl:5917fbd2] Waiting to read message
[09/04/15 11:44:55] [DEBG] [ctl:5917fbd2] Writing message: {"Type":"Ping","Payload":{}}
[09/04/15 11:44:55] [DEBG] [ctl:5917fbd2] Reading message with length: 28
[09/04/15 11:44:55] [DEBG] [ctl:5917fbd2] Read message {"Type":"Pong","Payload":{}}
[09/04/15 11:44:55] [DEBG] [ctl:5917fbd2] Waiting to read message
[09/04/15 11:45:15] [DEBG] [ctl:5917fbd2] Writing message: {"Type":"Ping","Payload":{}}
[09/04/15 11:45:15] [DEBG] [ctl:5917fbd2] Reading message with length: 28
[09/04/15 11:45:15] [DEBG] [ctl:5917fbd2] Read message {"Type":"Pong","Payload":{}}
[09/04/15 11:45:15] [DEBG] [ctl:5917fbd2] Waiting to read message
[09/04/15 11:45:35] [DEBG] [ctl:5917fbd2] Writing message: {"Type":"Ping","Payload":{}}
[09/04/15 11:45:35] [DEBG] [ctl:5917fbd2] Reading message with length: 28
[09/04/15 11:45:35] [DEBG] [ctl:5917fbd2] Read message {"Type":"Pong","Payload":{}}
[09/04/15 11:45:35] [DEBG] [ctl:5917fbd2] Waiting to read message
[09/04/15 11:45:55] [DEBG] [ctl:5917fbd2] Writing message: {"Type":"Ping","Payload":{}}
[09/04/15 11:45:55] [DEBG] [ctl:5917fbd2] Reading message with length: 28
[09/04/15 11:45:55] [DEBG] [ctl:5917fbd2] Read message {"Type":"Pong","Payload":{}}
[09/04/15 11:45:55] [DEBG] [ctl:5917fbd2] Waiting to read message
[09/04/15 11:46:15] [DEBG] [ctl:5917fbd2] Writing message: {"Type":"Ping","Payload":{}}
[09/04/15 11:46:15] [DEBG] [ctl:5917fbd2] Reading message with length: 28
[09/04/15 11:46:15] [DEBG] [ctl:5917fbd2] Read message {"Type":"Pong","Payload":{}}
[09/04/15 11:46:15] [DEBG] [ctl:5917fbd2] Waiting to read message
[09/04/15 11:46:35] [DEBG] [ctl:5917fbd2] Writing message: {"Type":"Ping","Payload":{}}
[09/04/15 11:46:35] [DEBG] [ctl:5917fbd2] Reading message with length: 28
[09/04/15 11:46:35] [DEBG] [ctl:5917fbd2] Read message {"Type":"Pong","Payload":{}}
[09/04/15 11:46:35] [DEBG] [ctl:5917fbd2] Waiting to read message
